<?xml version="1.0" encoding="UTF-8"?>
<!-- Generated by org.testng.reporters.JUnitReportReporter -->
<testsuite skipped="0" hostname="DESKTOP-RAH6IHC" name="src.tests.authen.LoginTest" tests="1" failures="0" timestamp="2022-12-11T12:50:04 ICT" time="19.164" errors="0">
  <testcase name="testLogin" time="19.164" classname="src.tests.authen.LoginTest"/>
  <system-out/>
</testsuite> <!-- src.tests.authen.LoginTest -->
